<?xml version="1.0" encoding="UTF-8"?>
<testng-results ignored="0" total="2" passed="2" failed="0" skipped="0">
  <reporter-output>
  </reporter-output>
  <suite started-at="2024-09-30T13:59:55 EDT" name="Suite" finished-at="2024-09-30T14:00:05 EDT" duration-ms="10801">
    <groups>
    </groups>
    <test started-at="2024-09-30T13:59:55 EDT" name="Test" finished-at="2024-09-30T14:00:05 EDT" duration-ms="10801">
      <class name="vaibhav.tests.StandaloneTest">
        <test-method is-config="true" signature="landingPage()[pri:0, instance:vaibhav.tests.StandaloneTest@28701274]" started-at="2024-09-30T13:59:55 EDT" name="landingPage" finished-at="2024-09-30T14:00:00 EDT" duration-ms="4916" status="PASS">
          <reporter-output>
          </reporter-output>
        </test-method> <!-- landingPage -->
        <test-method signature="standaloneTest(java.util.HashMap)[pri:0, instance:vaibhav.tests.StandaloneTest@28701274]" started-at="2024-09-30T14:00:00 EDT" name="standaloneTest" data-provider="getData" finished-at="2024-09-30T14:00:00 EDT" duration-ms="573" status="PASS">
          <params>
            <param index="0">
              <value>
                <![CDATA[{user=Vaibhav, password=abc123}]]>
              </value>
            </param>
          </params>
          <reporter-output>
          </reporter-output>
        </test-method> <!-- standaloneTest -->
        <test-method is-config="true" signature="afterExecution()[pri:0, instance:vaibhav.tests.StandaloneTest@28701274]" started-at="2024-09-30T14:00:00 EDT" name="afterExecution" finished-at="2024-09-30T14:00:00 EDT" duration-ms="110" status="PASS">
          <reporter-output>
          </reporter-output>
        </test-method> <!-- afterExecution -->
        <test-method is-config="true" signature="landingPage()[pri:0, instance:vaibhav.tests.StandaloneTest@28701274]" started-at="2024-09-30T14:00:00 EDT" name="landingPage" finished-at="2024-09-30T14:00:05 EDT" duration-ms="4303" status="PASS">
          <reporter-output>
          </reporter-output>
        </test-method> <!-- landingPage -->
        <test-method signature="standaloneTest(java.util.HashMap)[pri:0, instance:vaibhav.tests.StandaloneTest@28701274]" started-at="2024-09-30T14:00:05 EDT" name="standaloneTest" data-provider="getData" finished-at="2024-09-30T14:00:05 EDT" duration-ms="503" status="PASS">
          <params>
            <param index="0">
              <value>
                <![CDATA[{user=Vaibh, password=xyz123}]]>
              </value>
            </param>
          </params>
          <reporter-output>
          </reporter-output>
        </test-method> <!-- standaloneTest -->
        <test-method is-config="true" signature="afterExecution()[pri:0, instance:vaibhav.tests.StandaloneTest@28701274]" started-at="2024-09-30T14:00:05 EDT" name="afterExecution" finished-at="2024-09-30T14:00:05 EDT" duration-ms="87" status="PASS">
          <reporter-output>
          </reporter-output>
        </test-method> <!-- afterExecution -->
      </class> <!-- vaibhav.tests.StandaloneTest -->
    </test> <!-- Test -->
  </suite> <!-- Suite -->
</testng-results>
