<?xml version="1.0" encoding="UTF-8"?>
<testng-results ignored="0" total="2" passed="2" failed="0" skipped="0">
  <reporter-output>
  </reporter-output>
  <suite started-at="2024-09-27T16:01:54 EDT" name="Suite" finished-at="2024-09-27T16:02:03 EDT" duration-ms="9178">
    <groups>
    </groups>
    <test started-at="2024-09-27T16:01:54 EDT" name="Test" finished-at="2024-09-27T16:02:03 EDT" duration-ms="9178">
      <class name="vaibhav.tests.StandaloneTest">
        <test-method is-config="true" signature="landingPage()[pri:0, instance:vaibhav.tests.StandaloneTest@28701274]" started-at="2024-09-27T16:01:54 EDT" name="landingPage" finished-at="2024-09-27T16:01:58 EDT" duration-ms="4226" status="PASS">
          <reporter-output>
          </reporter-output>
        </test-method> <!-- landingPage -->
        <test-method signature="standaloneTest(java.util.HashMap)[pri:0, instance:vaibhav.tests.StandaloneTest@28701274]" started-at="2024-09-27T16:01:58 EDT" name="standaloneTest" data-provider="getData" finished-at="2024-09-27T16:01:59 EDT" duration-ms="338" status="PASS">
          <params>
            <param index="0">
              <value>
                <![CDATA[{user=Vaibhav, password=abc123}]]>
              </value>
            </param>
          </params>
          <reporter-output>
          </reporter-output>
        </test-method> <!-- standaloneTest -->
        <test-method is-config="true" signature="afterExecution()[pri:0, instance:vaibhav.tests.StandaloneTest@28701274]" started-at="2024-09-27T16:01:59 EDT" name="afterExecution" finished-at="2024-09-27T16:01:59 EDT" duration-ms="90" status="PASS">
          <reporter-output>
          </reporter-output>
        </test-method> <!-- afterExecution -->
        <test-method is-config="true" signature="landingPage()[pri:0, instance:vaibhav.tests.StandaloneTest@28701274]" started-at="2024-09-27T16:01:59 EDT" name="landingPage" finished-at="2024-09-27T16:02:03 EDT" duration-ms="3917" status="PASS">
          <reporter-output>
          </reporter-output>
        </test-method> <!-- landingPage -->
        <test-method signature="standaloneTest(java.util.HashMap)[pri:0, instance:vaibhav.tests.StandaloneTest@28701274]" started-at="2024-09-27T16:02:03 EDT" name="standaloneTest" data-provider="getData" finished-at="2024-09-27T16:02:03 EDT" duration-ms="281" status="PASS">
          <params>
            <param index="0">
              <value>
                <![CDATA[{user=Vaibh, password=xyz123}]]>
              </value>
            </param>
          </params>
          <reporter-output>
          </reporter-output>
        </test-method> <!-- standaloneTest -->
        <test-method is-config="true" signature="afterExecution()[pri:0, instance:vaibhav.tests.StandaloneTest@28701274]" started-at="2024-09-27T16:02:03 EDT" name="afterExecution" finished-at="2024-09-27T16:02:03 EDT" duration-ms="91" status="PASS">
          <reporter-output>
          </reporter-output>
        </test-method> <!-- afterExecution -->
      </class> <!-- vaibhav.tests.StandaloneTest -->
    </test> <!-- Test -->
  </suite> <!-- Suite -->
</testng-results>
