<?xml version="1.0" encoding="UTF-8"?>
<!-- Generated by org.testng.reporters.JUnitXMLReporter -->
<testsuite ignored="0" hostname="DESKTOP-U5PV2QM" failures="0" tests="3" name="Test" time="4.466" errors="0" timestamp="2024-09-09T16:39:30 EDT">
  <testcase classname="vaibhav.tests.StandaloneTest" name="standaloneTest" time="0.329"/>
  <testcase classname="vaibhav.tests.StandaloneTest" name="standaloneTest" time="0.316"/>
  <testcase classname="vaibhav.tests.ErrorValidation" name="errorCheck" time="0.299"/>
</testsuite> <!-- Test -->
